#
# There is insufficient memory for the Java Runtime Environment to continue.
# Native memory allocation (mmap) failed to map 264241152 bytes. Error detail: G1 virtual space
# Possible reasons:
#   The system is out of physical RAM or swap space
#   This process is running with CompressedOops enabled, and the Java Heap may be blocking the growth of the native heap
# Possible solutions:
#   Reduce memory load on the system
#   Increase physical memory or swap space
#   Check if swap backing store is full
#   Decrease Java heap size (-Xmx/-Xms)
#   Decrease number of Java threads
#   Decrease Java thread stack sizes (-Xss)
#   Set larger code cache with -XX:ReservedCodeCacheSize=
#   JVM is running with Zero Based Compressed Oops mode in which the Java heap is
#     placed in the first 32GB address space. The Java Heap base address is the
#     maximum limit for the native heap growth. Please use -XX:HeapBaseMinAddress
#     to set the Java Heap base and to place the Java Heap above 32GB virtual address.
# This output file may be truncated or incomplete.
#
#  Out of Memory Error (os_windows.cpp:3828), pid=11252, tid=30224
#
# JRE version:  (21.0.5+8) (build )
# Java VM: OpenJDK 64-Bit Server VM (21.0.5+8-b631.30, mixed mode, sharing, tiered, compressed oops, compressed class ptrs, g1 gc, windows-amd64)
# No core dump will be written. Minidumps are not enabled by default on client versions of Windows
#

---------------  S U M M A R Y ------------

Command Line: git4idea.http.GitAskPassApp Username for 'https://gitlab.inf-hsleiden.nl': 

Host: 13th Gen Intel(R) Core(TM) i7-13700H, 20 cores, 15G,  Windows 11 , 64 bit Build 26100 (10.0.26100.3323)
Time: Fri Apr  4 11:34:56 2025 West-Europa (zomertijd) elapsed time: 1.093651 seconds (0d 0h 0m 1s)

---------------  T H R E A D  ---------------

Current thread (0x00000290d0f29ea0):  JavaThread "Unknown thread" [_thread_in_vm, id=30224, stack(0x000000a217000000,0x000000a217100000) (1024K)]

Stack: [0x000000a217000000,0x000000a217100000]
Native frames: (J=compiled Java code, j=interpreted, Vv=VM code, C=native code)
V  [jvm.dll+0x6e52b9]
V  [jvm.dll+0x8c3633]
V  [jvm.dll+0x8c5b8e]
V  [jvm.dll+0x8c6273]
V  [jvm.dll+0x288f46]
V  [jvm.dll+0x6e1a35]
V  [jvm.dll+0x6d5e3a]
V  [jvm.dll+0x3634bb]
V  [jvm.dll+0x36b086]
V  [jvm.dll+0x3bd346]
V  [jvm.dll+0x3bd618]
V  [jvm.dll+0x335c2c]
V  [jvm.dll+0x33691b]
V  [jvm.dll+0x88aa89]
V  [jvm.dll+0x3ca518]
V  [jvm.dll+0x873b98]
V  [jvm.dll+0x45eede]
V  [jvm.dll+0x460bc1]
C  [jli.dll+0x52ab]
C  [ucrtbase.dll+0x37b0]
C  [KERNEL32.DLL+0x2e8d7]
C  [ntdll.dll+0xbbf6c]


---------------  P R O C E S S  ---------------

Threads class SMR info:
_java_thread_list=0x00007ffbfcb9a148, length=0, elements={
}

Java Threads: ( => current thread )
Total: 0

Other Threads:
  0x00000290d0f933d0 WorkerThread "GC Thread#0"                     [id=15748, stack(0x000000a217100000,0x000000a217200000) (1024K)]
  0x00000290d0fa4db0 ConcurrentGCThread "G1 Main Marker"            [id=20488, stack(0x000000a217200000,0x000000a217300000) (1024K)]
  0x00000290d0fa58b0 WorkerThread "G1 Conc#0"                       [id=11080, stack(0x000000a217300000,0x000000a217400000) (1024K)]

[error occurred during error reporting (printing all threads), id 0xc0000005, EXCEPTION_ACCESS_VIOLATION (0xc0000005) at pc=0x00007ffbfc288ce7]
VM state: not at safepoint (not fully initialized)

VM Mutex/Monitor currently owned by a thread:  ([mutex/lock_event])
[0x00007ffbfcc0eb30] Heap_lock - owner thread: 0x00000290d0f29ea0

Heap address: 0x0000000704800000, size: 4024 MB, Compressed Oops mode: Zero based, Oop shift amount: 3

CDS archive(s) mapped at: [0x0000000000000000-0x0000000000000000-0x0000000000000000), size 0, SharedBaseAddress: 0x0000000800000000, ArchiveRelocationMode: 1.
Narrow klass base: 0x0000000000000000, Narrow klass shift: 0, Narrow klass range: 0x0

GC Precious Log:
 CardTable entry size: 512
 Card Set container configuration: InlinePtr #cards 4 size 8 Array Of Cards #cards 16 size 48 Howl #buckets 8 coarsen threshold 3686 Howl Bitmap #cards 512 size 80 coarsen threshold 460 Card regions per heap region 1 cards per card region 4096

Heap:
 garbage-first heap   total 0K, used 0K [0x0000000704800000, 0x0000000800000000)
  region size 2048K, 0 young (0K), 0 survivors (0K)
 Metaspace       used 0K, committed 0K, reserved 0K
  class space    used 0K, committed 0K, reserved 0K

Heap Regions: E=young(eden), S=young(survivor), O=old, HS=humongous(starts), HC=humongous(continues), CS=collection set, F=free, TAMS=top-at-mark-start, PB=parsable bottom

Card table byte_map: [0x00000290e5940000,0x00000290e6120000] _byte_map_base: 0x00000290e211c000

Marking Bits: (CMBitMap*) 0x00000290d0f93ad0
 Bits: [0x00000290e6120000, 0x00000290ea000000)

GC Heap History (0 events):
No events

Dll operation events (1 events):
Event: 0.006 Loaded shared library C:\Program Files\JetBrains\IntelliJ IDEA 2024.3.2.2\jbr\bin\java.dll

Deoptimization events (0 events):
No events

Classes loaded (0 events):
No events

Classes unloaded (0 events):
No events

Classes redefined (0 events):
No events

Internal exceptions (0 events):
No events

ZGC Phase Switch (0 events):
No events

VM Operations (0 events):
No events

Memory protections (0 events):
No events

Nmethod flushes (0 events):
No events

Events (0 events):
No events


Dynamic libraries:
0x00007ff6e2c20000 - 0x00007ff6e2c2a000 	C:\Program Files\JetBrains\IntelliJ IDEA 2024.3.2.2\jbr\bin\java.exe
0x00007ffc9c0e0000 - 0x00007ffc9c343000 	C:\WINDOWS\SYSTEM32\ntdll.dll
0x00007ffc9b610000 - 0x00007ffc9b6d7000 	C:\WINDOWS\System32\KERNEL32.DLL
0x00007ffc99900000 - 0x00007ffc99cc9000 	C:\WINDOWS\System32\KERNELBASE.dll
0x00007ffc993b0000 - 0x00007ffc994fc000 	C:\WINDOWS\System32\ucrtbase.dll
0x00007ffc72b10000 - 0x00007ffc72b28000 	C:\Program Files\JetBrains\IntelliJ IDEA 2024.3.2.2\jbr\bin\jli.dll
0x00007ffc48cb0000 - 0x00007ffc48ccb000 	C:\Program Files\JetBrains\IntelliJ IDEA 2024.3.2.2\jbr\bin\VCRUNTIME140.dll
0x00007ffc9a4e0000 - 0x00007ffc9a6aa000 	C:\WINDOWS\System32\USER32.dll
0x00007ffc705c0000 - 0x00007ffc70850000 	C:\WINDOWS\WinSxS\amd64_microsoft.windows.common-controls_6595b64144ccf1df_6.0.26100.3323_none_3e088096e3344490\COMCTL32.dll
0x00007ffc99380000 - 0x00007ffc993a7000 	C:\WINDOWS\System32\win32u.dll
0x00007ffc9af30000 - 0x00007ffc9afd9000 	C:\WINDOWS\System32\msvcrt.dll
0x00007ffc9be10000 - 0x00007ffc9be3a000 	C:\WINDOWS\System32\GDI32.dll
0x00007ffc99730000 - 0x00007ffc99861000 	C:\WINDOWS\System32\gdi32full.dll
0x00007ffc99500000 - 0x00007ffc995a3000 	C:\WINDOWS\System32\msvcp_win.dll
0x00007ffc9aef0000 - 0x00007ffc9af1f000 	C:\WINDOWS\System32\IMM32.DLL
0x00007ffc8d8d0000 - 0x00007ffc8d8dc000 	C:\Program Files\JetBrains\IntelliJ IDEA 2024.3.2.2\jbr\bin\vcruntime140_1.dll
0x00007ffc5bac0000 - 0x00007ffc5bb4d000 	C:\Program Files\JetBrains\IntelliJ IDEA 2024.3.2.2\jbr\bin\msvcp140.dll
0x00007ffbfbf40000 - 0x00007ffbfcd01000 	C:\Program Files\JetBrains\IntelliJ IDEA 2024.3.2.2\jbr\bin\server\jvm.dll
0x00007ffc9ae30000 - 0x00007ffc9aee2000 	C:\WINDOWS\System32\ADVAPI32.dll
0x00007ffc9be40000 - 0x00007ffc9bee6000 	C:\WINDOWS\System32\sechost.dll
0x00007ffc9b4f0000 - 0x00007ffc9b606000 	C:\WINDOWS\System32\RPCRT4.dll
0x00007ffc9c020000 - 0x00007ffc9c094000 	C:\WINDOWS\System32\WS2_32.dll
0x00007ffc8dbe0000 - 0x00007ffc8dbeb000 	C:\WINDOWS\SYSTEM32\VERSION.dll
0x00007ffc95de0000 - 0x00007ffc95e16000 	C:\WINDOWS\SYSTEM32\WINMM.dll
0x00007ffc97f40000 - 0x00007ffc97f8e000 	C:\WINDOWS\SYSTEM32\POWRPROF.dll
0x00007ffc97f20000 - 0x00007ffc97f34000 	C:\WINDOWS\SYSTEM32\UMPDC.dll
0x00007ffc981e0000 - 0x00007ffc981fa000 	C:\WINDOWS\SYSTEM32\kernel.appcore.dll
0x00007ffc8d8c0000 - 0x00007ffc8d8ca000 	C:\Program Files\JetBrains\IntelliJ IDEA 2024.3.2.2\jbr\bin\jimage.dll
0x00007ffc96b50000 - 0x00007ffc96d91000 	C:\WINDOWS\SYSTEM32\DBGHELP.DLL
0x00007ffc9a060000 - 0x00007ffc9a3e2000 	C:\WINDOWS\System32\combase.dll
0x00007ffc9ab50000 - 0x00007ffc9ac26000 	C:\WINDOWS\System32\OLEAUT32.dll
0x00007ffc1b0f0000 - 0x00007ffc1b129000 	C:\WINDOWS\SYSTEM32\dbgcore.DLL
0x00007ffc992e0000 - 0x00007ffc99379000 	C:\WINDOWS\System32\bcryptPrimitives.dll
0x00007ffc465a0000 - 0x00007ffc465c0000 	C:\Program Files\JetBrains\IntelliJ IDEA 2024.3.2.2\jbr\bin\java.dll

dbghelp: loaded successfully - version: 4.0.5 - missing functions: none
symbol engine: initialized successfully - sym options: 0x614 - pdb path: .;C:\Program Files\JetBrains\IntelliJ IDEA 2024.3.2.2\jbr\bin;C:\WINDOWS\SYSTEM32;C:\WINDOWS\WinSxS\amd64_microsoft.windows.common-controls_6595b64144ccf1df_6.0.26100.3323_none_3e088096e3344490;C:\Program Files\JetBrains\IntelliJ IDEA 2024.3.2.2\jbr\bin\server

VM Arguments:
java_command: git4idea.http.GitAskPassApp Username for 'https://gitlab.inf-hsleiden.nl': 
java_class_path (initial): C:/Program Files/JetBrains/IntelliJ IDEA 2024.3.2.2/plugins/vcs-git/lib/git4idea-rt.jar;C:/Program Files/JetBrains/IntelliJ IDEA 2024.3.2.2/lib/externalProcess-rt.jar
Launcher Type: SUN_STANDARD

[Global flags]
     intx CICompilerCount                          = 12                                        {product} {ergonomic}
     uint ConcGCThreads                            = 4                                         {product} {ergonomic}
     uint G1ConcRefinementThreads                  = 15                                        {product} {ergonomic}
   size_t G1HeapRegionSize                         = 2097152                                   {product} {ergonomic}
    uintx GCDrainStackTargetSize                   = 64                                        {product} {ergonomic}
   size_t InitialHeapSize                          = 264241152                                 {product} {ergonomic}
   size_t MarkStackSize                            = 4194304                                   {product} {ergonomic}
   size_t MaxHeapSize                              = 4219469824                                {product} {ergonomic}
   size_t MinHeapDeltaBytes                        = 2097152                                   {product} {ergonomic}
   size_t MinHeapSize                              = 8388608                                   {product} {ergonomic}
    uintx NonNMethodCodeHeapSize                   = 7602480                                {pd product} {ergonomic}
    uintx NonProfiledCodeHeapSize                  = 122027880                              {pd product} {ergonomic}
    uintx ProfiledCodeHeapSize                     = 122027880                              {pd product} {ergonomic}
    uintx ReservedCodeCacheSize                    = 251658240                              {pd product} {ergonomic}
     bool SegmentedCodeCache                       = true                                      {product} {ergonomic}
   size_t SoftMaxHeapSize                          = 4219469824                             {manageable} {ergonomic}
     bool UseCompressedOops                        = true                           {product lp64_product} {ergonomic}
     bool UseG1GC                                  = true                                      {product} {ergonomic}
     bool UseLargePagesIndividualAllocation        = false                                  {pd product} {ergonomic}

Logging:
Log output configuration:
 #0: stdout all=warning uptime,level,tags foldmultilines=false
 #1: stderr all=off uptime,level,tags foldmultilines=false

Environment Variables:
PATH=C:/Program Files/Git/mingw64/libexec/git-core;C:/Program Files/Git/mingw64/libexec/git-core;C:\Program Files\Git\mingw64\bin;C:\Program Files\Git\usr\bin;C:\Users\renzo\bin;C:\Python313\Scripts\;C:\Python313\;C:\Program Files\Common Files\Oracle\Java\javapath;C:\WINDOWS\system32;C:\WINDOWS;C:\WINDOWS\System32\Wbem;C:\WINDOWS\System32\WindowsPowerShell\v1.0\;C:\WINDOWS\System32\OpenSSH\;C:\Program Files\Git\cmd;C:\Program Files\Docker\Docker\resources\bin;C:\Program Files\nodejs\;C:\ProgramData\chocolatey\bin;C:\Users\renzo\AppData\Local\Programs\Python\Launcher\;C:\Users\renzo\AppData\Local\Microsoft\WindowsApps;C:\Users\renzo\AppData\Roaming\npm;C:\Users\renzo\AppData\Local\Programs\Microsoft VS Code\bin
USERNAME=renzo
DISPLAY=:0.0
LC_ALL=en_US.UTF-8
TERM=xterm-256color
TMPDIR=C:\Users\renzo\AppData\Local\Temp
OS=Windows_NT
PROCESSOR_IDENTIFIER=Intel64 Family 6 Model 186 Stepping 2, GenuineIntel
TMP=C:\Users\renzo\AppData\Local\Temp
TEMP=C:\Users\renzo\AppData\Local\Temp




Periodic native trim disabled

JNI global refs:
JNI global refs: 0, weak refs: 0

JNI global refs memory usage: 0, weak refs: 0

Process memory usage:
Resident Set Size: 13032K (0% of 16481336K total physical memory with 818888K free physical memory)

OOME stack traces (most recent first):
Classloader memory used:

---------------  S Y S T E M  ---------------

OS:
 Windows 11 , 64 bit Build 26100 (10.0.26100.3323)
OS uptime: 2 days 15:01 hours
Hyper-V role detected

CPU: total 20 (initial active 20) (10 cores per cpu, 2 threads per core) family 6 model 186 stepping 2 microcode 0x4123, cx8, cmov, fxsr, ht, mmx, 3dnowpref, sse, sse2, sse3, ssse3, sse4.1, sse4.2, popcnt, lzcnt, tsc, tscinvbit, avx, avx2, aes, erms, clmul, bmi1, bmi2, adx, sha, fma, vzeroupper, clflush, clflushopt, clwb, hv, serialize, rdtscp, rdpid, fsrm, f16c, cet_ibt, cet_ss
Processor Information for processor 0
  Max Mhz: 2400, Current Mhz: 2400, Mhz Limit: 2400
Processor Information for processor 1
  Max Mhz: 2400, Current Mhz: 2400, Mhz Limit: 2400
Processor Information for processor 2
  Max Mhz: 2400, Current Mhz: 2400, Mhz Limit: 2400
Processor Information for processor 3
  Max Mhz: 2400, Current Mhz: 1520, Mhz Limit: 2400
Processor Information for processor 4
  Max Mhz: 2400, Current Mhz: 2400, Mhz Limit: 2400
Processor Information for processor 5
  Max Mhz: 2400, Current Mhz: 2400, Mhz Limit: 2400
Processor Information for processor 6
  Max Mhz: 2400, Current Mhz: 2400, Mhz Limit: 2400
Processor Information for processor 7
  Max Mhz: 2400, Current Mhz: 2400, Mhz Limit: 2400
Processor Information for processor 8
  Max Mhz: 2400, Current Mhz: 2400, Mhz Limit: 2400
Processor Information for processor 9
  Max Mhz: 2400, Current Mhz: 2400, Mhz Limit: 2400
Processor Information for processor 10
  Max Mhz: 2400, Current Mhz: 2400, Mhz Limit: 2400
Processor Information for processor 11
  Max Mhz: 2400, Current Mhz: 2400, Mhz Limit: 2400
Processor Information for processor 12
  Max Mhz: 2400, Current Mhz: 1800, Mhz Limit: 1800
Processor Information for processor 13
  Max Mhz: 2400, Current Mhz: 1500, Mhz Limit: 1800
Processor Information for processor 14
  Max Mhz: 2400, Current Mhz: 1800, Mhz Limit: 1800
Processor Information for processor 15
  Max Mhz: 2400, Current Mhz: 1800, Mhz Limit: 1800
Processor Information for processor 16
  Max Mhz: 2400, Current Mhz: 1800, Mhz Limit: 1800
Processor Information for processor 17
  Max Mhz: 2400, Current Mhz: 1800, Mhz Limit: 1800
Processor Information for processor 18
  Max Mhz: 2400, Current Mhz: 1800, Mhz Limit: 1800
Processor Information for processor 19
  Max Mhz: 2400, Current Mhz: 1500, Mhz Limit: 1800

Memory: 4k page, system-wide physical 16095M (799M free)
TotalPageFile size 65247M (AvailPageFile size 232M)
current process WorkingSet (physical memory assigned to process): 12M, peak: 12M
current process commit charge ("private bytes"): 75M, peak: 327M

vm_info: OpenJDK 64-Bit Server VM (21.0.5+8-b631.30) for windows-amd64 JRE (21.0.5+8-b631.30), built on 2024-12-06 by "builduser" with MS VC++ 16.10 / 16.11 (VS2019)

END.
